<?xml version="1.0" encoding="UTF-8"?>
<!-- Generated by org.testng.reporters.JUnitReportReporter -->
<testsuite hostname="Nitha" failures="0" tests="1" name="mavenproject.Testing" time="3.818" errors="0" timestamp="2023-07-22T13:12:18 IST" skipped="0">
  <testcase classname="mavenproject.Testing" name="run" time="3.818"/>
</testsuite> <!-- mavenproject.Testing -->
